01:48:56.580 [main] INFO  testCases.TC_001_AccountRegisterationTest - ***	Starting the TC_001_AccountRegisterationTest	***
01:48:56.603 [main] INFO  testCases.TC_001_AccountRegisterationTest - ***	Providing data	***
01:48:57.402 [main] INFO  testCases.TC_001_AccountRegisterationTest - ***	clicked on submit	***
01:48:57.469 [main] INFO  testCases.TC_001_AccountRegisterationTest - ***	validating the testcase	***
06:26:14.543 [main] INFO  testCases.TC_001_AccountRegisterationTest - ***	Starting the TC_001_AccountRegisterationTest	***
06:26:14.581 [main] INFO  testCases.TC_001_AccountRegisterationTest - ***	Providing data	***
06:26:16.469 [main] INFO  testCases.TC_001_AccountRegisterationTest - ***	clicked on submit	***
06:26:16.685 [main] INFO  testCases.TC_001_AccountRegisterationTest - ***	validating the testcase	***
06:39:46.207 [main] INFO  testCases.TC_001_AccountRegisterationTest - ***	Starting the TC_001_AccountRegisterationTest	***
06:39:46.252 [main] INFO  testCases.TC_001_AccountRegisterationTest - ***	Providing data	***
06:39:47.560 [main] INFO  testCases.TC_001_AccountRegisterationTest - ***	clicked on submit	***
06:39:47.708 [main] INFO  testCases.TC_001_AccountRegisterationTest - ***	validating the testcase	***
06:41:11.391 [main] INFO  testCases.TC_001_AccountRegisterationTest - ***	Starting the TC_001_AccountRegisterationTest	***
06:41:11.439 [main] INFO  testCases.TC_001_AccountRegisterationTest - ***	Providing data	***
06:41:12.740 [main] INFO  testCases.TC_001_AccountRegisterationTest - ***	clicked on submit	***
06:41:12.879 [main] INFO  testCases.TC_001_AccountRegisterationTest - ***	validating the testcase	***
06:42:16.216 [main] INFO  testCases.TC_001_AccountRegisterationTest - ***	Starting the TC_001_AccountRegisterationTest	***
06:42:16.259 [main] INFO  testCases.TC_001_AccountRegisterationTest - ***	Providing data	***
06:42:17.616 [main] INFO  testCases.TC_001_AccountRegisterationTest - ***	clicked on submit	***
06:42:17.760 [main] INFO  testCases.TC_001_AccountRegisterationTest - ***	validating the testcase	***
06:46:10.584 [main] INFO  testCases.TC_001_AccountRegisterationTest - ***	Starting the TC_001_AccountRegisterationTest	***
06:46:10.651 [main] INFO  testCases.TC_001_AccountRegisterationTest - ***	Providing data	***
06:46:12.249 [main] INFO  testCases.TC_001_AccountRegisterationTest - ***	clicked on submit	***
06:46:12.399 [main] INFO  testCases.TC_001_AccountRegisterationTest - ***	validating the testcase	***
06:46:44.211 [main] INFO  testCases.TC_001_AccountRegisterationTest - ***	Starting the TC_001_AccountRegisterationTest	***
06:46:44.252 [main] INFO  testCases.TC_001_AccountRegisterationTest - ***	Providing data	***
06:46:45.610 [main] INFO  testCases.TC_001_AccountRegisterationTest - ***	clicked on submit	***
06:46:45.750 [main] INFO  testCases.TC_001_AccountRegisterationTest - ***	validating the testcase	***
06:47:33.433 [main] INFO  testCases.TC_001_AccountRegisterationTest - ***	Starting the TC_001_AccountRegisterationTest	***
06:47:33.489 [main] INFO  testCases.TC_001_AccountRegisterationTest - ***	Providing data	***
06:47:34.814 [main] INFO  testCases.TC_001_AccountRegisterationTest - ***	clicked on submit	***
06:47:34.957 [main] INFO  testCases.TC_001_AccountRegisterationTest - ***	validating the testcase	***
06:47:55.390 [main] INFO  testCases.TC_001_AccountRegisterationTest - ***	Starting the TC_001_AccountRegisterationTest	***
06:47:55.433 [main] INFO  testCases.TC_001_AccountRegisterationTest - ***	Providing data	***
06:47:56.685 [main] INFO  testCases.TC_001_AccountRegisterationTest - ***	clicked on submit	***
06:47:56.817 [main] INFO  testCases.TC_001_AccountRegisterationTest - ***	validating the testcase	***
06:50:24.476 [main] INFO  testCases.TC_001_AccountRegisterationTest - ***	Starting the TC_001_AccountRegisterationTest	***
06:50:24.523 [main] INFO  testCases.TC_001_AccountRegisterationTest - ***	Providing data	***
06:50:26.219 [main] INFO  testCases.TC_001_AccountRegisterationTest - ***	clicked on submit	***
06:50:26.356 [main] INFO  testCases.TC_001_AccountRegisterationTest - ***	validating the testcase	***
06:55:30.612 [TestNG-tests-2] INFO  testCases.TC_001_AccountRegisterationTest - ***	Starting the TC_001_AccountRegisterationTest	***
06:55:30.651 [TestNG-tests-2] INFO  testCases.TC_001_AccountRegisterationTest - ***	Providing data	***
06:55:32.188 [TestNG-tests-2] INFO  testCases.TC_001_AccountRegisterationTest - ***	clicked on submit	***
06:55:32.469 [TestNG-tests-2] INFO  testCases.TC_001_AccountRegisterationTest - ***	validating the testcase	***
06:56:07.852 [TestNG-tests-1] INFO  testCases.TC_001_AccountRegisterationTest - ***	Starting the TC_001_AccountRegisterationTest	***
06:56:07.908 [TestNG-tests-1] INFO  testCases.TC_001_AccountRegisterationTest - ***	Providing data	***
06:56:08.687 [TestNG-tests-2] INFO  testCases.TC_001_AccountRegisterationTest - ***	Starting the TC_001_AccountRegisterationTest	***
06:56:08.690 [TestNG-tests-2] INFO  testCases.TC_001_AccountRegisterationTest - ***	Providing data	***
06:56:09.422 [TestNG-tests-1] INFO  testCases.TC_001_AccountRegisterationTest - ***	clicked on submit	***
06:56:09.576 [TestNG-tests-1] INFO  testCases.TC_001_AccountRegisterationTest - ***	validating the testcase	***
06:56:10.097 [TestNG-tests-2] INFO  testCases.TC_001_AccountRegisterationTest - ***	clicked on submit	***
06:56:10.335 [TestNG-tests-2] INFO  testCases.TC_001_AccountRegisterationTest - ***	validating the testcase	***
07:02:30.783 [TestNG-tests-1] INFO  testCases.TC_001_AccountRegisterationTest - ***	Starting the TC_001_AccountRegisterationTest	***
07:02:30.845 [TestNG-tests-1] INFO  testCases.TC_001_AccountRegisterationTest - ***	Providing data	***
07:02:31.500 [TestNG-tests-2] INFO  testCases.TC_001_AccountRegisterationTest - ***	Starting the TC_001_AccountRegisterationTest	***
07:02:31.502 [TestNG-tests-2] INFO  testCases.TC_001_AccountRegisterationTest - ***	Providing data	***
07:02:32.224 [TestNG-tests-1] INFO  testCases.TC_001_AccountRegisterationTest - ***	clicked on submit	***
07:02:32.346 [TestNG-tests-1] INFO  testCases.TC_001_AccountRegisterationTest - ***	validating the testcase	***
07:02:32.895 [TestNG-tests-2] INFO  testCases.TC_001_AccountRegisterationTest - ***	clicked on submit	***
07:02:33.147 [TestNG-tests-2] INFO  testCases.TC_001_AccountRegisterationTest - ***	validating the testcase	***
01:55:14.765 [main] INFO  testCases.TC_001_AccountRegisterationTest - ***	Starting the TC_001_AccountRegisterationTest	***
01:55:14.792 [main] INFO  testCases.TC_001_AccountRegisterationTest - ***	Providing data	***
01:55:15.607 [main] INFO  testCases.TC_001_AccountRegisterationTest - ***	clicked on submit	***
01:55:15.680 [main] INFO  testCases.TC_001_AccountRegisterationTest - ***	validating the testcase	***
01:55:58.839 [TestNG-tests-1] INFO  testCases.TC_001_AccountRegisterationTest - ***	Starting the TC_001_AccountRegisterationTest	***
01:55:58.869 [TestNG-tests-1] INFO  testCases.TC_001_AccountRegisterationTest - ***	Providing data	***
01:55:59.791 [TestNG-tests-1] INFO  testCases.TC_001_AccountRegisterationTest - ***	clicked on submit	***
01:55:59.875 [TestNG-tests-1] INFO  testCases.TC_001_AccountRegisterationTest - ***	validating the testcase	***
01:56:00.347 [TestNG-tests-2] INFO  testCases.TC_001_AccountRegisterationTest - ***	Starting the TC_001_AccountRegisterationTest	***
01:56:00.348 [TestNG-tests-2] INFO  testCases.TC_001_AccountRegisterationTest - ***	Providing data	***
01:56:01.254 [TestNG-tests-2] INFO  testCases.TC_001_AccountRegisterationTest - ***	clicked on submit	***
01:56:01.351 [TestNG-tests-2] INFO  testCases.TC_001_AccountRegisterationTest - ***	validating the testcase	***
02:35:29.566 [main] INFO  testCases.TC_001_AccountRegisterationTest - ***	Starting the TC_001_AccountRegisterationTest	***
02:35:29.595 [main] INFO  testCases.TC_001_AccountRegisterationTest - ***	Providing data	***
02:35:30.437 [main] INFO  testCases.TC_001_AccountRegisterationTest - ***	clicked on submit	***
02:35:30.514 [main] INFO  testCases.TC_001_AccountRegisterationTest - ***	validating the testcase	***
02:35:47.740 [main] INFO  testCases.TC_001_AccountRegisterationTest - ***	Starting the TC_001_AccountRegisterationTest	***
02:35:47.762 [main] INFO  testCases.TC_001_AccountRegisterationTest - ***	Providing data	***
02:35:48.567 [main] INFO  testCases.TC_001_AccountRegisterationTest - ***	clicked on submit	***
02:35:48.641 [main] INFO  testCases.TC_001_AccountRegisterationTest - ***	validating the testcase	***
02:37:23.388 [main] INFO  testCases.TC_001_AccountRegisterationTest - ***	Starting the TC_001_AccountRegisterationTest	***
02:37:23.414 [main] INFO  testCases.TC_001_AccountRegisterationTest - ***	Providing data	***
02:37:24.197 [main] INFO  testCases.TC_001_AccountRegisterationTest - ***	clicked on submit	***
02:37:24.287 [main] INFO  testCases.TC_001_AccountRegisterationTest - ***	validating the testcase	***
02:47:34.844 [main] INFO  testCases.TC_001_AccountRegisterationTest - ***	Starting the TC_001_AccountRegisterationTest	***
02:47:34.873 [main] INFO  testCases.TC_001_AccountRegisterationTest - ***	Providing data	***
02:47:35.663 [main] INFO  testCases.TC_001_AccountRegisterationTest - ***	clicked on submit	***
02:47:35.738 [main] INFO  testCases.TC_001_AccountRegisterationTest - ***	validating the testcase	***
02:48:13.403 [main] INFO  testCases.TC_001_AccountRegisterationTest - ***	Starting the TC_001_AccountRegisterationTest	***
02:48:13.427 [main] INFO  testCases.TC_001_AccountRegisterationTest - ***	Providing data	***
02:48:14.316 [main] INFO  testCases.TC_001_AccountRegisterationTest - ***	clicked on submit	***
02:48:14.394 [main] INFO  testCases.TC_001_AccountRegisterationTest - ***	validating the testcase	***
03:12:07.292 [main] INFO  testCases.TC_001_AccountRegisterationTest - ***	Starting the TC_001_AccountRegisterationTest	***
03:12:07.319 [main] INFO  testCases.TC_001_AccountRegisterationTest - ***	Providing data	***
03:12:08.156 [main] INFO  testCases.TC_001_AccountRegisterationTest - ***	clicked on submit	***
03:12:08.238 [main] INFO  testCases.TC_001_AccountRegisterationTest - ***	validating the testcase	***
03:38:21.311 [main] INFO  testCases.TC_001_AccountRegisterationTest - ***	Starting the TC_001_AccountRegisterationTest	***
03:38:21.339 [main] INFO  testCases.TC_001_AccountRegisterationTest - ***	Providing data	***
03:38:22.203 [main] INFO  testCases.TC_001_AccountRegisterationTest - ***	clicked on submit	***
03:38:22.280 [main] INFO  testCases.TC_001_AccountRegisterationTest - ***	validating the testcase	***
03:41:41.581 [main] INFO  testCases.TC_001_AccountRegisterationTest - ***	Starting the TC_001_AccountRegisterationTest	***
03:41:41.606 [main] INFO  testCases.TC_001_AccountRegisterationTest - ***	Providing data	***
03:41:42.489 [main] INFO  testCases.TC_001_AccountRegisterationTest - ***	clicked on submit	***
03:41:42.490 [main] INFO  testCases.TC_001_AccountRegisterationTest - ***	validating the testcase	***
06:03:08.552 [main] INFO  testCases.TC_001_AccountRegisterationTest - ***	Starting the TC_001_AccountRegisterationTest	***
06:03:08.611 [main] INFO  testCases.TC_001_AccountRegisterationTest - ***	Providing data	***
06:03:10.288 [main] INFO  testCases.TC_001_AccountRegisterationTest - ***	clicked on submit	***
06:03:10.550 [main] INFO  testCases.TC_001_AccountRegisterationTest - ***	validating the testcase	***
06:05:24.007 [main] INFO  testCases.TC_001_AccountRegisterationTest - ***	Starting the TC_001_AccountRegisterationTest	***
06:05:24.073 [main] INFO  testCases.TC_001_AccountRegisterationTest - ***	Providing data	***
06:05:26.213 [main] INFO  testCases.TC_001_AccountRegisterationTest - ***	clicked on submit	***
06:05:26.641 [main] INFO  testCases.TC_001_AccountRegisterationTest - ***	validating the testcase	***
06:07:49.781 [main] INFO  testCases.TC_001_AccountRegisterationTest - ***	Starting the TC_001_AccountRegisterationTest	***
06:07:49.830 [main] INFO  testCases.TC_001_AccountRegisterationTest - ***	Providing data	***
06:07:51.416 [main] INFO  testCases.TC_001_AccountRegisterationTest - ***	clicked on submit	***
06:07:51.633 [main] INFO  testCases.TC_001_AccountRegisterationTest - ***	validating the testcase	***
06:08:58.642 [main] INFO  testCases.TC_001_AccountRegisterationTest - ***	Starting the TC_001_AccountRegisterationTest	***
06:08:58.707 [main] INFO  testCases.TC_001_AccountRegisterationTest - ***	Providing data	***
06:09:00.816 [main] INFO  testCases.TC_001_AccountRegisterationTest - ***	clicked on submit	***
06:09:01.031 [main] INFO  testCases.TC_001_AccountRegisterationTest - ***	validating the testcase	***
06:09:29.697 [main] INFO  testCases.TC_001_AccountRegisterationTest - ***	Starting the TC_001_AccountRegisterationTest	***
06:09:29.762 [main] INFO  testCases.TC_001_AccountRegisterationTest - ***	Providing data	***
06:09:31.127 [main] INFO  testCases.TC_001_AccountRegisterationTest - ***	clicked on submit	***
06:09:31.264 [main] INFO  testCases.TC_001_AccountRegisterationTest - ***	validating the testcase	***
06:10:30.886 [main] INFO  testCases.TC_001_AccountRegisterationTest - ***	Starting the TC_001_AccountRegisterationTest	***
06:10:30.944 [main] INFO  testCases.TC_001_AccountRegisterationTest - ***	Providing data	***
06:10:32.735 [main] INFO  testCases.TC_001_AccountRegisterationTest - ***	clicked on submit	***
06:10:32.965 [main] INFO  testCases.TC_001_AccountRegisterationTest - ***	validating the testcase	***
